Flutter crash report.
Please report a bug at https://github.com/flutter/flutter/issues.

## command

flutter debug_adapter

## exception

SocketException: SocketException: Write failed (OS Error: An existing connection was forcibly closed by the remote host.
, errno = 10054), address = 127.0.0.1, port = 56391

```
#0      _NativeSocket.write (dart:io-patch/socket_patch.dart:1246:34)
#1      _RawSocket.write (dart:io-patch/socket_patch.dart:2004:15)
#2      _Socket._write (dart:io-patch/socket_patch.dart:2479:18)
#3      _SocketStreamConsumer.write (dart:io-patch/socket_patch.dart:2214:28)
#4      _SocketStreamConsumer.addStream.<anonymous closure> (dart:io-patch/socket_patch.dart:2168:11)
#5      _rootRunUnary (dart:async/zone.dart:1407:47)
#6      _CustomZone.runUnary (dart:async/zone.dart:1308:19)
#7      _CustomZone.runUnaryGuarded (dart:async/zone.dart:1217:7)
#8      _BufferingStreamSubscription._sendData (dart:async/stream_impl.dart:339:11)
#9      _BufferingStreamSubscription._add (dart:async/stream_impl.dart:271:7)
#10     _SyncStreamControllerDispatch._sendData (dart:async/stream_controller.dart:784:19)
#11     _StreamController._add (dart:async/stream_controller.dart:658:7)
#12     _StreamController.add (dart:async/stream_controller.dart:606:5)
#13     _StreamSinkImpl.add (dart:io/io_sink.dart:154:17)
#14     _Socket.add (dart:io-patch/socket_patch.dart:2321:38)
#15     _HttpOutgoing.close.finalize (dart:_http/http_impl.dart:1883:16)
#16     _HttpOutgoing.close (dart:_http/http_impl.dart:1908:27)
#17     _StreamSinkImpl._closeTarget (dart:_http/http_impl.dart:980:13)
#18     _StreamSinkImpl.close (dart:_http/http_impl.dart:973:9)
#19     _HttpClientRequest.close (dart:_http/http_impl.dart:1458:13)
#20     _WebSocketImpl.connect.<anonymous closure> (dart:_http/websocket_impl.dart:1047:22)
#21     _rootRunUnary (dart:async/zone.dart:1407:47)
#22     _CustomZone.runUnary (dart:async/zone.dart:1308:19)
<asynchronous suspension>
#23     _WebSocketImpl.connect.<anonymous closure> (dart:_http/websocket_impl.dart:1048:13)
<asynchronous suspension>
#24     DartDebugAdapter._vmServiceConnectUri (package:dds/src/dap/adapters/dart.dart:2583:20)
<asynchronous suspension>
#25     DartDebugAdapter.connectDebugger (package:dds/src/dap/adapters/dart.dart:647:23)
<asynchronous suspension>
#26     FlutterDebugAdapter._connectDebugger (package:flutter_tools/src/debug_adapters/flutter_adapter.dart:381:9)
<asynchronous suspension>
#27     FlutterDebugAdapter._handleDebugPort (package:flutter_tools/src/debug_adapters/flutter_adapter.dart:462:7)
<asynchronous suspension>
```

## flutter doctor

```
[✓] Flutter (Channel stable, 3.19.3, on Microsoft Windows [Version 10.0.19045.4780], locale en-US)
    • Flutter version 3.19.3 on channel stable at C:\src\flutter
    • Upstream repository https://github.com/flutter/flutter.git
    • Framework revision ba39319843 (5 months ago), 2024-03-07 15:22:21 -0600
    • Engine revision 2e4ba9c6fb
    • Dart version 3.3.1
    • DevTools version 2.31.1

[✓] Windows Version (Installed version of Windows is version 10 or higher)

[✓] Android toolchain - develop for Android devices (Android SDK version 34.0.0)
    • Android SDK at C:\Users\erviv\AppData\Local\Android\sdk
    • Platform android-34, build-tools 34.0.0
    • Java binary at: C:\Program Files\Android\Android Studio\jbr\bin\java
    • Java version OpenJDK Runtime Environment (build 17.0.10+0--11609105)
    • All Android licenses accepted.

[✓] Chrome - develop for the web
    • Chrome at C:\Program Files\Google\Chrome\Application\chrome.exe

[✗] Visual Studio - develop Windows apps
    ✗ Visual Studio not installed; this is necessary to develop Windows apps.
      Download at https://visualstudio.microsoft.com/downloads/.
      Please install the "Desktop development with C++" workload, including all of its default components

[✓] Android Studio (version 2024.1)
    • Android Studio at C:\Program Files\Android\Android Studio
    • Flutter plugin can be installed from:
      🔨 https://plugins.jetbrains.com/plugin/9212-flutter
    • Dart plugin can be installed from:
      🔨 https://plugins.jetbrains.com/plugin/6351-dart
    • Java version OpenJDK Runtime Environment (build 17.0.10+0--11609105)

[✓] VS Code (version 1.92.2)
    • VS Code at C:\Users\erviv\AppData\Local\Programs\Microsoft VS Code
    • Flutter extension version 3.94.0

[✓] Connected device (3 available)
    • Windows (desktop) • windows • windows-x64    • Microsoft Windows [Version 10.0.19045.4780]
    • Chrome (web)      • chrome  • web-javascript • Google Chrome 127.0.6533.120
    • Edge (web)        • edge    • web-javascript • Microsoft Edge 127.0.2651.105

[✓] Network resources
    • All expected network resources are available.

! Doctor found issues in 1 category.
```
